UPCarPaymentDemoV2/proguard-project.txt
# To enable ProGuard in your project, edit project.properties
# to define the proguard.config property as described in that file.
#
# Add project specific ProGuard rules here.
# By default, the flags in this file are appended to flags specified
# in ${sdk.dir}/tools/proguard/proguard-android.txt
# You can edit the include path and order by changing the ProGuard
# include property in project.properties.
#
# For more details, see
#   http://developer.android.com/guide/developing/tools/proguard.html

# Add any project specific keep options here:

# If your project uses WebView with JS, uncomment the following
# and specify the fully qualified class name to the JavaScript interface
# class:
#-keepclassmembers class fqcn.of.javascript.interface.for.webview {
#   public *;
#}

-optimizationpasses 5
-dontusemixedcaseclassnames
-dontskipnonpubliclibraryclasses
-dontskipnonpubliclibraryclassmembers
-keeppackagenames
-verbose
-optimizations !code/simplification/arithmetic,!field/*,!class/merging/*

-keepattributes *Annotation*  
-keepattributes Signature  

#a. 把所有你的jar包都申明进来
-libraryjars libs/android-support-v4.jar
-libraryjars libs/armeabi/libsmsw.so

#b. 将你不需要混淆的部分申明进来，因为有些类经过混淆会导致程序编译不通过，如下：
-keep public class * extends android.app.Fragment  
-keep public class * extends android.app.Activity
-keep public class * extends android.app.Application
-keep public class * extends android.app.Service
-keep public class * extends android.content.BroadcastReceiver
-keep public class * extends android.content.ContentProvider
-keep public class * extends android.app.backup.BackupAgentHelper
-keep public class * extends android.preference.Preference
-keep public class * extends android.support.v4.**
-keep public class com.android.vending.licensing.ILicensingService

-keep class android.support.** { *; }

-dontwarn android.support.**

#---------
-keep class com.unionpay.** { *; }

-keep class pax.util.OsPaxSMApi