UPCarPaymentDemoV2/proguard/seeds.txt
android.support.v4.app.INotificationSideChannel
android.support.v4.app.INotificationSideChannel: void notify(java.lang.String,int,java.lang.String,android.app.Notification)
android.support.v4.app.INotificationSideChannel: void cancel(java.lang.String,int,java.lang.String)
android.support.v4.app.INotificationSideChannel: void cancelAll(java.lang.String)
android.support.v4.app.INotificationSideChannel$Stub
android.support.v4.app.INotificationSideChannel$Stub: java.lang.String DESCRIPTOR
android.support.v4.app.INotificationSideChannel$Stub: int TRANSACTION_notify
android.support.v4.app.INotificationSideChannel$Stub: int TRANSACTION_cancel
android.support.v4.app.INotificationSideChannel$Stub: int TRANSACTION_cancelAll
android.support.v4.app.INotificationSideChannel$Stub: INotificationSideChannel$Stub()
android.support.v4.app.INotificationSideChannel$Stub: android.support.v4.app.INotificationSideChannel asInterface(android.os.IBinder)
android.support.v4.app.INotificationSideChannel$Stub: android.os.IBinder asBinder()
android.support.v4.app.INotificationSideChannel$Stub: boolean onTransact(int,android.os.Parcel,android.os.Parcel,int)
android.support.v4.app.INotificationSideChannel$Stub$Proxy
android.support.v4.app.INotificationSideChannel$Stub$Proxy: android.os.IBinder mRemote
android.support.v4.app.INotificationSideChannel$Stub$Proxy: INotificationSideChannel$Stub$Proxy(android.os.IBinder)
android.support.v4.app.INotificationSideChannel$Stub$Proxy: android.os.IBinder asBinder()
android.support.v4.app.INotificationSideChannel$Stub$Proxy: java.lang.String getInterfaceDescriptor()
android.support.v4.app.INotificationSideChannel$Stub$Proxy: void notify(java.lang.String,int,java.lang.String,android.app.Notification)
android.support.v4.app.INotificationSideChannel$Stub$Proxy: void cancel(java.lang.String,int,java.lang.String)
android.support.v4.app.INotificationSideChannel$Stub$Proxy: void cancelAll(java.lang.String)
android.support.v4.app.ListFragment
android.support.v4.app.ListFragment: int INTERNAL_EMPTY_ID
android.support.v4.app.ListFragment: int INTERNAL_PROGRESS_CONTAINER_ID
android.support.v4.app.ListFragment: int INTERNAL_LIST_CONTAINER_ID
android.support.v4.app.ListFragment: android.os.Handler mHandler
android.support.v4.app.ListFragment: java.lang.Runnable mRequestFocus
android.support.v4.app.ListFragment: android.widget.AdapterView$OnItemClickListener mOnClickListener
android.support.v4.app.ListFragment: android.widget.ListAdapter mAdapter
android.support.v4.app.ListFragment: android.widget.ListView mList
android.support.v4.app.ListFragment: android.view.View mEmptyView
android.support.v4.app.ListFragment: android.widget.TextView mStandardEmptyView
android.support.v4.app.ListFragment: android.view.View mProgressContainer
android.support.v4.app.ListFragment: android.view.View mListContainer
android.support.v4.app.ListFragment: java.lang.CharSequence mEmptyText
android.support.v4.app.ListFragment: boolean mListShown
android.support.v4.app.ListFragment: ListFragment()
android.support.v4.app.ListFragment: android.view.View onCreateView(android.view.LayoutInflater,android.view.ViewGroup,android.os.Bundle)
android.support.v4.app.ListFragment: void onViewCreated(android.view.View,android.os.Bundle)
android.support.v4.app.ListFragment: void onDestroyView()
android.support.v4.app.ListFragment: void onListItemClick(android.widget.ListView,android.view.View,int,long)
android.support.v4.app.ListFragment$1
android.support.v4.app.ListFragment$1: android.support.v4.app.ListFragment this$0
android.support.v4.app.ListFragment$1: ListFragment$1(android.support.v4.app.ListFragment)
android.support.v4.app.ListFragment$1: void run()