UPCarPaymentDemoV2/proguard/mapping.txt
android.support.v4.print.PrintHelperKitkat$2$1$1 -> android.support.v4.print.PrintHelperKitkat$2$1$1:
    android.support.v4.print.PrintHelperKitkat$2$1 this$2 -> this$2
    void onCancel() -> onCancel
android.support.v4.text.BidiFormatter -> android.support.v4.text.BidiFormatter:
    android.support.v4.text.TextDirectionHeuristicCompat DEFAULT_TEXT_DIRECTION_HEURISTIC -> DEFAULT_TEXT_DIRECTION_HEURISTIC
    char LRE -> LRE
    char RLE -> RLE
    char PDF -> PDF
    char LRM -> LRM
    char RLM -> RLM
    java.lang.String LRM_STRING -> LRM_STRING
    java.lang.String RLM_STRING -> RLM_STRING
    java.lang.String EMPTY_STRING -> EMPTY_STRING
    int FLAG_STEREO_RESET -> FLAG_STEREO_RESET
    int DEFAULT_FLAGS -> DEFAULT_FLAGS
    android.support.v4.text.BidiFormatter DEFAULT_LTR_INSTANCE -> DEFAULT_LTR_INSTANCE
    android.support.v4.text.BidiFormatter DEFAULT_RTL_INSTANCE -> DEFAULT_RTL_INSTANCE
    boolean mIsRtlContext -> mIsRtlContext
    int mFlags -> mFlags
    android.support.v4.text.TextDirectionHeuristicCompat mDefaultTextDirectionHeuristicCompat -> mDefaultTextDirectionHeuristicCompat
    int DIR_LTR -> DIR_LTR
    int DIR_UNKNOWN -> DIR_UNKNOWN
    int DIR_RTL -> DIR_RTL
    android.support.v4.text.BidiFormatter getInstance() -> getInstance
    android.support.v4.text.BidiFormatter getInstance(boolean) -> getInstance
    android.support.v4.text.BidiFormatter getInstance(java.util.Locale) -> getInstance
    boolean isRtlContext() -> isRtlContext
    boolean getStereoReset() -> getStereoReset
    java.lang.String markAfter(java.lang.String,android.support.v4.text.TextDirectionHeuristicCompat) -> markAfter
android.support.v4.text.BidiFormatter$1 -> android.support.v4.text.BidiFormatter$1:
android.support.v4.text.BidiFormatter$Builder -> android.support.v4.text.BidiFormatter$Builder:
    boolean mIsRtlContext -> mIsRtlContext
    int mFlags -> mFlags
    android.support.v4.text.TextDirectionHeuristicCompat mTextDirectionHeuristicCompat -> mTextDirectionHeuristicCompat
    void initialize(boolean) -> initialize
    android.support.v4.text.BidiFormatter$Builder stereoReset(boolean) -> stereoReset
    android.support.v4.text.BidiFormatter$Builder setTextDirectionHeuristic(android.support.v4.text.TextDirectionHeuristicCompat) -> setTextDirectionHeuristic
    android.support.v4.text.BidiFormatter getDefaultInstanceFromContext(boolean) -> getDefaultInstanceFromContext
    android.support.v4.text.BidiFormatter build() -> build
android.support.v4.text.BidiFormatter$DirectionalityEstimator -> android.support.v4.text.BidiFormatter$DirectionalityEstimator:
    int DIR_TYPE_CACHE_SIZE -> DIR_TYPE_CACHE_SIZE
    byte[] DIR_TYPE_CACHE -> DIR_TYPE_CACHE
    java.lang.String text -> text
    boolean isHtml -> isHtml
    int length -> length
    int charIndex -> charIndex
    char lastChar -> lastChar
    int getEntryDir() -> getEntryDir
    int getExitDir() -> getExitDir
    byte getCachedDirectionality(char) -> getCachedDirectionality
    byte dirTypeForward() -> dirTypeForward
    byte dirTypeBackward() -> dirTypeBackward
    byte skipTagForward() -> skipTagForward
    byte skipTagBackward() -> skipTagBackward
    byte skipEntityForward() -> skipEntityForward
    byte skipEntityBackward() -> skipEntityBackward
android.support.v4.text.ICUCompat -> android.support.v4.text.ICUCompat:
    android.support.v4.text.ICUCompat$ICUCompatImpl IMPL -> IMPL
    java.lang.String getScript(java.lang.String) -> getScript
    java.lang.String addLikelySubtags(java.lang.String) -> addLikelySubtags
android.support.v4.text.ICUCompat$ICUCompatImpl -> android.support.v4.text.ICUCompat$ICUCompatImpl:
    java.lang.String getScript(java.lang.String) -> getScript
    java.lang.String addLikelySubtags(java.lang.String) -> addLikelySubtags